<?xml version="1.0" encoding="UTF-8"?>
<testng-results skipped="0" failed="0" total="1" passed="1">
  <reporter-output>
  </reporter-output>
  <suite name="Suite" duration-ms="36910" started-at="2021-04-27T05:07:13Z" finished-at="2021-04-27T05:07:50Z">
    <groups>
      <group name="cucumber">
        <method signature="AbstractTestNGCucumberTests.feature(cucumber.api.testng.CucumberFeatureWrapper)[pri:0, instance:TestRunner.TestRunner@62e136d3]" name="feature" class="cucumber.api.testng.AbstractTestNGCucumberTests"/>
      </group> <!-- cucumber -->
    </groups>
    <test name="TestRunner" duration-ms="36910" started-at="2021-04-27T05:07:13Z" finished-at="2021-04-27T05:07:50Z">
      <class name="TestRunner.TestRunner">
        <test-method status="PASS" signature="setUpClass()[pri:0, instance:TestRunner.TestRunner@62e136d3]" name="setUpClass" is-config="true" duration-ms="247" started-at="2021-04-27T01:07:13Z" finished-at="2021-04-27T01:07:14Z">
          <reporter-output>
          </reporter-output>
        </test-method> <!-- setUpClass -->
        <test-method status="PASS" signature="feature(cucumber.api.testng.CucumberFeatureWrapper)[pri:0, instance:TestRunner.TestRunner@62e136d3]" name="feature" duration-ms="36558" started-at="2021-04-27T01:07:14Z" description="Runs Cucumber Feature" data-provider="features" finished-at="2021-04-27T01:07:50Z">
          <params>
            <param index="0">
              <value>
                <![CDATA[Login application]]>
              </value>
            </param>
          </params>
          <reporter-output>
          </reporter-output>
        </test-method> <!-- feature -->
        <test-method status="PASS" signature="tearDownClass()[pri:0, instance:TestRunner.TestRunner@62e136d3]" name="tearDownClass" is-config="true" duration-ms="2" started-at="2021-04-27T01:07:50Z" finished-at="2021-04-27T01:07:50Z">
          <reporter-output>
          </reporter-output>
        </test-method> <!-- tearDownClass -->
      </class> <!-- TestRunner.TestRunner -->
    </test> <!-- TestRunner -->
  </suite> <!-- Suite -->
</testng-results>
