<?xml version="1.0" encoding="UTF-8"?>
<testsuite xmlns:xsi="http://www.w3.org/2001/XMLSchema-instance" xsi:noNamespaceSchemaLocation="https://maven.apache.org/surefire/maven-surefire-plugin/xsd/surefire-test-report-3.0.xsd" version="3.0" name="TestSuite" time="38.02" tests="1" errors="0" skipped="0" failures="0">
  <properties>
[...]
</properties>
  <testcase name="feature[Login application](1)" classname="TestRunner.TestRunner" time="36.658">
    <system-out><![CDATA[2021-04-27 01:07:14,774 TestNG ERROR appender RollingFile has no parameter that matches element PatternLayout
01:07:16.863 [TestNG] INFO  StepDefinition.Stepdefinition - Driver intialized
01:07:19.648 [TestNG] INFO  StepDefinition.Stepdefinition - Successfully loaded
01:07:22.926 [TestNG] INFO  StepDefinition.Stepdefinition - Successfully navigated to page and entered details
01:07:22.971 [TestNG] INFO  StepDefinition.Stepdefinition - There was a problem
01:07:22.971 [TestNG] INFO  StepDefinition.Stepdefinition - Error message displayed
01:07:27.213 [TestNG] INFO  StepDefinition.Stepdefinition - Briwser closed
01:07:28.514 [TestNG] INFO  StepDefinition.Stepdefinition - Driver intialized
01:07:31.479 [TestNG] INFO  StepDefinition.Stepdefinition - Successfully loaded
01:07:34.788 [TestNG] INFO  StepDefinition.Stepdefinition - Successfully navigated to page and entered details
01:07:34.836 [TestNG] INFO  StepDefinition.Stepdefinition - There was a problem
01:07:34.836 [TestNG] INFO  StepDefinition.Stepdefinition - Error message displayed
01:07:39.094 [TestNG] INFO  StepDefinition.Stepdefinition - Briwser closed
01:07:40.316 [TestNG] INFO  StepDefinition.Stepdefinition - Driver intialized
01:07:43.141 [TestNG] INFO  StepDefinition.Stepdefinition - Successfully loaded
01:07:46.615 [TestNG] INFO  StepDefinition.Stepdefinition - Successfully navigated to page and entered details
01:07:46.649 [TestNG] INFO  StepDefinition.Stepdefinition - There was a problem
01:07:46.649 [TestNG] INFO  StepDefinition.Stepdefinition - Error message displayed
01:07:50.812 [TestNG] INFO  StepDefinition.Stepdefinition - Briwser closed
]]></system-out>
    <system-err><![CDATA[Starting ChromeDriver 89.0.4389.23 (61b08ee2c50024bab004e48d2b1b083cdbdac579-refs/branch-heads/4389@{#294}) on port 26311
Only local connections are allowed.
Please see https://chromedriver.chromium.org/security-considerations for suggestions on keeping ChromeDriver safe.
ChromeDriver was started successfully.
[1619500036.795][WARNING]: This version of ChromeDriver has not been tested with Chrome version 90.
Apr 27, 2021 1:07:16 AM org.openqa.selenium.remote.ProtocolHandshake createSession
INFO: Detected dialect: W3C
Starting ChromeDriver 89.0.4389.23 (61b08ee2c50024bab004e48d2b1b083cdbdac579-refs/branch-heads/4389@{#294}) on port 31958
Only local connections are allowed.
Please see https://chromedriver.chromium.org/security-considerations for suggestions on keeping ChromeDriver safe.
ChromeDriver was started successfully.
[1619500048.483][WARNING]: This version of ChromeDriver has not been tested with Chrome version 90.
Apr 27, 2021 1:07:28 AM org.openqa.selenium.remote.ProtocolHandshake createSession
INFO: Detected dialect: W3C
Starting ChromeDriver 89.0.4389.23 (61b08ee2c50024bab004e48d2b1b083cdbdac579-refs/branch-heads/4389@{#294}) on port 14994
Only local connections are allowed.
Please see https://chromedriver.chromium.org/security-considerations for suggestions on keeping ChromeDriver safe.
ChromeDriver was started successfully.
[1619500060.287][WARNING]: This version of ChromeDriver has not been tested with Chrome version 90.
Apr 27, 2021 1:07:40 AM org.openqa.selenium.remote.ProtocolHandshake createSession
INFO: Detected dialect: W3C
]]></system-err>
  </testcase>
</testsuite>