<?xml version="1.0" encoding="UTF-8"?>
<testng-results skipped="0" failed="0" total="1" passed="1">
  <reporter-output>
  </reporter-output>
  <suite name="Default suite" duration-ms="9911" started-at="2021-04-27T05:06:18Z" finished-at="2021-04-27T05:06:28Z">
    <groups>
      <group name="cucumber">
        <method signature="AbstractTestNGCucumberTests.feature(cucumber.api.testng.CucumberFeatureWrapper)[pri:0, instance:TestRunner.TestRunner@1794d431]" name="feature" class="cucumber.api.testng.AbstractTestNGCucumberTests"/>
      </group> <!-- cucumber -->
    </groups>
    <test name="Default test" duration-ms="9911" started-at="2021-04-27T05:06:18Z" finished-at="2021-04-27T05:06:28Z">
      <class name="TestRunner.TestRunner">
        <test-method status="PASS" signature="setUpClass()[pri:0, instance:TestRunner.TestRunner@1794d431]" name="setUpClass" is-config="true" duration-ms="278" started-at="2021-04-27T01:06:18Z" finished-at="2021-04-27T01:06:18Z">
          <reporter-output>
          </reporter-output>
        </test-method> <!-- setUpClass -->
        <test-method status="PASS" signature="feature(cucumber.api.testng.CucumberFeatureWrapper)[pri:0, instance:TestRunner.TestRunner@1794d431]" name="feature" duration-ms="9521" started-at="2021-04-27T01:06:19Z" description="Runs Cucumber Feature" data-provider="features" finished-at="2021-04-27T01:06:28Z">
          <params>
            <param index="0">
              <value>
                <![CDATA[Login application]]>
              </value>
            </param>
          </params>
          <reporter-output>
          </reporter-output>
        </test-method> <!-- feature -->
        <test-method status="PASS" signature="tearDownClass()[pri:0, instance:TestRunner.TestRunner@1794d431]" name="tearDownClass" is-config="true" duration-ms="2" started-at="2021-04-27T01:06:28Z" finished-at="2021-04-27T01:06:28Z">
          <reporter-output>
          </reporter-output>
        </test-method> <!-- tearDownClass -->
      </class> <!-- TestRunner.TestRunner -->
    </test> <!-- Default test -->
  </suite> <!-- Default suite -->
</testng-results>
